#scanned 20 of July 2019
#5 symbol domains with cheap price and normal registration process
domain;price_at_Gandi_EUR
0j.at;18
9q.at;18
o4.fi;18.15
3q.fi;18.15
3z.fi;18.15
4b.fi;18.15
4n.fi;18.15
4q.fi;18.15
5j.fi;18.15
5l.fi;18.15
5n.fi;18.15
5q.fi;18.15
5u.fi;18.15
5v.fi;18.15
5z.fi;18.15
6a.fi;18.15
6b.fi;18.15
6j.fi;18.15
6l.fi;18.15
6o.fi;18.15
6q.fi;18.15
6u.fi;18.15
6v.fi;18.15
6w.fi;18.15
6y.fi;18.15
6z.fi;18.15
7b.fi;18.15
7c.fi;18.15
7e.fi;18.15
7j.fi;18.15
7o.fi;18.15
7q.fi;18.15
7r.fi;18.15
7v.fi;18.15
7w.fi;18.15
7y.fi;18.15
8a.fi;18.15
8c.fi;18.15
8e.fi;18.15
8l.fi;18.15
8m.fi;18.15
8n.fi;18.15
8q.fi;18.15
8u.fi;18.15
8v.fi;18.15
8y.fi;18.15
8z.fi;18.15
9a.fi;18.15
9d.fi;18.15
9e.fi;18.15
9i.fi;18.15
9j.fi;18.15
9m.fi;18.15
9n.fi;18.15
9o.fi;18.15
9q.fi;18.15
9t.fi;18.15
9v.fi;18.15
9w.fi;18.15
9y.fi;18.15
b5.lt;19.36
c5.lt;19.36
e0.lt;19.36
f7.lt;19.36
h0.lt;19.36
h7.lt;19.36
i0.lt;19.36
j5.lt;19.36
j6.lt;19.36
l6.lt;19.36
l8.lt;19.36
l9.lt;19.36
o0.lt;19.36
o6.lt;19.36
p5.lt;19.36
p6.lt;19.36
q5.lt;19.36
q6.lt;19.36
q7.lt;19.36
q8.lt;19.36
q9.lt;19.36
r0.lt;19.36
r4.lt;19.36
r5.lt;19.36
r6.lt;19.36
r7.lt;19.36
r9.lt;19.36
t0.lt;19.36
t6.lt;19.36
u0.lt;19.36
w0.lt;19.36
x8.lt;19.36
y0.lt;19.36
y1.lt;19.36
y2.lt;19.36
y3.lt;19.36
y5.lt;19.36
y6.lt;19.36
y7.lt;19.36
z5.lt;19.36
z6.lt;19.36
z8.lt;19.36
z9.lt;19.36
0o.lt;19.36
3n.lt;19.36
3y.lt;19.36
4b.lt;19.36
4c.lt;19.36
4h.lt;19.36
4j.lt;19.36
4o.lt;19.36
4y.lt;19.36
4z.lt;19.36
5b.lt;19.36
5c.lt;19.36
5e.lt;19.36
5f.lt;19.36
5h.lt;19.36
5i.lt;19.36
5j.lt;19.36
5l.lt;19.36
5n.lt;19.36
5q.lt;19.36
5r.lt;19.36
5s.lt;19.36
5t.lt;19.36
5u.lt;19.36
5w.lt;19.36
5y.lt;19.36
6a.lt;19.36
6b.lt;19.36
6c.lt;19.36
6e.lt;19.36
6f.lt;19.36
6i.lt;19.36
6j.lt;19.36
6l.lt;19.36
6m.lt;19.36
6n.lt;19.36
6o.lt;19.36
6p.lt;19.36
6q.lt;19.36
6r.lt;19.36
6u.lt;19.36
6v.lt;19.36
6w.lt;19.36
6y.lt;19.36
6z.lt;19.36
7b.lt;19.36
7c.lt;19.36
7e.lt;19.36
7f.lt;19.36
7h.lt;19.36
7j.lt;19.36
7l.lt;19.36
7m.lt;19.36
7n.lt;19.36
7o.lt;19.36
7r.lt;19.36
7t.lt;19.36
7v.lt;19.36
7w.lt;19.36
7y.lt;19.36
8c.lt;19.36
8d.lt;19.36
8e.lt;19.36
8f.lt;19.36
8j.lt;19.36
8l.lt;19.36
8n.lt;19.36
8o.lt;19.36
8q.lt;19.36
8r.lt;19.36
8t.lt;19.36
8u.lt;19.36
8v.lt;19.36
8w.lt;19.36
8z.lt;19.36
9b.lt;19.36
9c.lt;19.36
9d.lt;19.36
9e.lt;19.36
9f.lt;19.36
9h.lt;19.36
9i.lt;19.36
9j.lt;19.36
9k.lt;19.36
9m.lt;19.36
9n.lt;19.36
9p.lt;19.36
9r.lt;19.36
9t.lt;19.36
9u.lt;19.36
9w.lt;19.36
9x.lt;19.36
9y.lt;19.36
a5.nz;19.36
a6.nz;19.36
b5.nz;19.36
b6.nz;19.36
b9.nz;19.36
c9.nz;19.36
d4.nz;19.36
e0.nz;19.36
e1.nz;19.36
e5.nz;19.36
e6.nz;19.36
f4.nz;19.36
g0.nz;19.36
g3.nz;19.36
h7.nz;19.36
h8.nz;19.36
h9.nz;19.36
i8.nz;19.36
j6.nz;19.36
j7.nz;19.36
j8.nz;19.36
k1.nz;19.36
k5.nz;19.36
k6.nz;19.36
k7.nz;19.36
k8.nz;19.36
l5.nz;19.36
l6.nz;19.36
l9.nz;19.36
n9.nz;19.36
o1.nz;19.36
o4.nz;19.36
o5.nz;19.36
o6.nz;19.36
o7.nz;19.36
o9.nz;19.36
p5.nz;19.36
p6.nz;19.36
p8.nz;19.36
q0.nz;19.36
q2.nz;19.36
q4.nz;19.36
q6.nz;19.36
q7.nz;19.36
r6.nz;19.36
r7.nz;19.36
s0.nz;19.36
t6.nz;19.36
t7.nz;19.36
t8.nz;19.36
u0.nz;19.36
u1.nz;19.36
u3.nz;19.36
u4.nz;19.36
u5.nz;19.36
u6.nz;19.36
u7.nz;19.36
u8.nz;19.36
u9.nz;19.36
v4.nz;19.36
v9.nz;19.36
w0.nz;19.36
w6.nz;19.36
w9.nz;19.36
x8.nz;19.36
y1.nz;19.36
y2.nz;19.36
y4.nz;19.36
y5.nz;19.36
y6.nz;19.36
y7.nz;19.36
z2.nz;19.36
0c.nz;19.36
0e.nz;19.36
0f.nz;19.36
0i.nz;19.36
0j.nz;19.36
0l.nz;19.36
0n.nz;19.36
0o.nz;19.36
0p.nz;19.36
0q.nz;19.36
0r.nz;19.36
0s.nz;19.36
0u.nz;19.36
0v.nz;19.36
1b.nz;19.36
1f.nz;19.36
1h.nz;19.36
1k.nz;19.36
1o.nz;19.36
1p.nz;19.36
1r.nz;19.36
1s.nz;19.36
1t.nz;19.36
1v.nz;19.36
1y.nz;19.36
2a.nz;19.36
2f.nz;19.36
2h.nz;19.36
2i.nz;19.36
2m.nz;19.36
2o.nz;19.36
2p.nz;19.36
2q.nz;19.36
2r.nz;19.36
2t.nz;19.36
2v.nz;19.36
2y.nz;19.36
3f.nz;19.36
3h.nz;19.36
3j.nz;19.36
3l.nz;19.36
3o.nz;19.36
3u.nz;19.36
3v.nz;19.36
31.nz;19.36
34.nz;19.36
35.nz;19.36
4c.nz;19.36
4e.nz;19.36
4h.nz;19.36
4j.nz;19.36
4l.nz;19.36
4n.nz;19.36
4o.nz;19.36
4p.nz;19.36
4s.nz;19.36
4v.nz;19.36
4w.nz;19.36
4y.nz;19.36
5c.nz;19.36
5e.nz;19.36
5f.nz;19.36
5h.nz;19.36
5i.nz;19.36
5j.nz;19.36
5k.nz;19.36
5l.nz;19.36
5n.nz;19.36
5o.nz;19.36
5p.nz;19.36
5q.nz;19.36
5r.nz;19.36
5t.nz;19.36
5u.nz;19.36
5v.nz;19.36
5w.nz;19.36
5x.nz;19.36
5y.nz;19.36
51.nz;19.36
53.nz;19.36
57.nz;19.36
6a.nz;19.36
6b.nz;19.36
6c.nz;19.36
6e.nz;19.36
6f.nz;19.36
6h.nz;19.36
6j.nz;19.36
6l.nz;19.36
6o.nz;19.36
6p.nz;19.36
6q.nz;19.36
6r.nz;19.36
6t.nz;19.36
6u.nz;19.36
6v.nz;19.36
6w.nz;19.36
6x.nz;19.36
6y.nz;19.36
62.nz;19.36
63.nz;19.36
67.nz;19.36
7a.nz;19.36
7b.nz;19.36
7d.nz;19.36
7f.nz;19.36
7h.nz;19.36
7i.nz;19.36
7j.nz;19.36
7l.nz;19.36
7m.nz;19.36
7o.nz;19.36
7p.nz;19.36
7q.nz;19.36
7r.nz;19.36
7t.nz;19.36
7u.nz;19.36
7v.nz;19.36
7w.nz;19.36
7y.nz;19.36
70.nz;19.36
71.nz;19.36
73.nz;19.36
75.nz;19.36
8a.nz;19.36
8d.nz;19.36
8e.nz;19.36
8g.nz;19.36
8h.nz;19.36
8j.nz;19.36
8l.nz;19.36
8m.nz;19.36
8o.nz;19.36
8q.nz;19.36
8r.nz;19.36
8s.nz;19.36
8t.nz;19.36
8u.nz;19.36
8v.nz;19.36
8w.nz;19.36
8x.nz;19.36
8y.nz;19.36
83.nz;19.36
84.nz;19.36
87.nz;19.36
9a.nz;19.36
9b.nz;19.36
9c.nz;19.36
9d.nz;19.36
9f.nz;19.36
9g.nz;19.36
9h.nz;19.36
9j.nz;19.36
9k.nz;19.36
9l.nz;19.36
9m.nz;19.36
9n.nz;19.36
9o.nz;19.36
9p.nz;19.36
9q.nz;19.36
9r.nz;19.36
9t.nz;19.36
9u.nz;19.36
9v.nz;19.36
9w.nz;19.36
9x.nz;19.36
9y.nz;19.36
91.nz;19.36
92.nz;19.36
93.nz;19.36
96.nz;19.36
a0.pm;14.52
a2.pm;14.52
a6.pm;14.52
a7.pm;14.52
a9.pm;14.52
b0.pm;14.52
b1.pm;14.52
b7.pm;14.52
b8.pm;14.52
b9.pm;14.52
c0.pm;14.52
c1.pm;14.52
c5.pm;14.52
c6.pm;14.52
c9.pm;14.52
d0.pm;14.52
d6.pm;14.52
d7.pm;14.52
d9.pm;14.52
e0.pm;14.52
e2.pm;14.52
e3.pm;14.52
e4.pm;14.52
e5.pm;14.52
e6.pm;14.52
e7.pm;14.52
e8.pm;14.52
e9.pm;14.52
f0.pm;14.52
f2.pm;14.52
f3.pm;14.52
f4.pm;14.52
f6.pm;14.52
f8.pm;14.52
f9.pm;14.52
g1.pm;14.52
g2.pm;14.52
g3.pm;14.52
g5.pm;14.52
g6.pm;14.52
g7.pm;14.52
g9.pm;14.52
h0.pm;14.52
h3.pm;14.52
h4.pm;14.52
h6.pm;14.52
h7.pm;14.52
h9.pm;14.52
i1.pm;14.52
i2.pm;14.52
i3.pm;14.52
i5.pm;14.52
i6.pm;14.52
i7.pm;14.52
i8.pm;14.52
i9.pm;14.52
j1.pm;14.52
j3.pm;14.52
j4.pm;14.52
j6.pm;14.52
j7.pm;14.52
j8.pm;14.52
j9.pm;14.52
k0.pm;14.52
k1.pm;14.52
k5.pm;14.52
l0.pm;14.52
l1.pm;14.52
l3.pm;14.52
l5.pm;14.52
l6.pm;14.52
l9.pm;14.52
m1.pm;14.52
m3.pm;14.52
m5.pm;14.52
m6.pm;14.52
m7.pm;14.52
m9.pm;14.52
n2.pm;14.52
n3.pm;14.52
n4.pm;14.52
n5.pm;14.52
n6.pm;14.52
n7.pm;14.52
n9.pm;14.52
o1.pm;14.52
o3.pm;14.52
o5.pm;14.52
o6.pm;14.52
o7.pm;14.52
o8.pm;14.52
p0.pm;14.52
p1.pm;14.52
p3.pm;14.52
p4.pm;14.52
p5.pm;14.52
p7.pm;14.52
p8.pm;14.52
p9.pm;14.52
q0.pm;14.52
q1.pm;14.52
q2.pm;14.52
q3.pm;14.52
q4.pm;14.52
q5.pm;14.52
q6.pm;14.52
q9.pm;14.52
r0.pm;14.52
r1.pm;14.52
r2.pm;14.52
r3.pm;14.52
r4.pm;14.52
r5.pm;14.52
r6.pm;14.52
r7.pm;14.52
r8.pm;14.52
r9.pm;14.52
s0.pm;14.52
s1.pm;14.52
t6.pm;14.52
t7.pm;14.52
t8.pm;14.52
t9.pm;14.52
u0.pm;14.52
u4.pm;14.52
u5.pm;14.52
u6.pm;14.52
u7.pm;14.52
u8.pm;14.52
u9.pm;14.52
v0.pm;14.52
v4.pm;14.52
v8.pm;14.52
v9.pm;14.52
w0.pm;14.52
w2.pm;14.52
w4.pm;14.52
w6.pm;14.52
w7.pm;14.52
w8.pm;14.52
w9.pm;14.52
x4.pm;14.52
x5.pm;14.52
x6.pm;14.52
x7.pm;14.52
x8.pm;14.52
x9.pm;14.52
y0.pm;14.52
y1.pm;14.52
y2.pm;14.52
y3.pm;14.52
y4.pm;14.52
y5.pm;14.52
y6.pm;14.52
y7.pm;14.52
y8.pm;14.52
y9.pm;14.52
z2.pm;14.52
z3.pm;14.52
z5.pm;14.52
z6.pm;14.52
z7.pm;14.52
z8.pm;14.52
z9.pm;14.52
0a.pm;14.52
0b.pm;14.52
0c.pm;14.52
0d.pm;14.52
0e.pm;14.52
0f.pm;14.52
0g.pm;14.52
0i.pm;14.52
0j.pm;14.52
0k.pm;14.52
0l.pm;14.52
0m.pm;14.52
0n.pm;14.52
0p.pm;14.52
0q.pm;14.52
0r.pm;14.52
0s.pm;14.52
0t.pm;14.52
0u.pm;14.52
0v.pm;14.52
0w.pm;14.52
0y.pm;14.52
1b.pm;14.52
1c.pm;14.52
1e.pm;14.52
1f.pm;14.52
1h.pm;14.52
1i.pm;14.52
1j.pm;14.52
1k.pm;14.52
1l.pm;14.52
1m.pm;14.52
1o.pm;14.52
1q.pm;14.52
1r.pm;14.52
1s.pm;14.52
1t.pm;14.52
1u.pm;14.52
1v.pm;14.52
1w.pm;14.52
1z.pm;14.52
2e.pm;14.52
2f.pm;14.52
2h.pm;14.52
2i.pm;14.52
2j.pm;14.52
2l.pm;14.52
2m.pm;14.52
2n.pm;14.52
2o.pm;14.52
2p.pm;14.52
2q.pm;14.52
2r.pm;14.52
2s.pm;14.52
2t.pm;14.52
2u.pm;14.52
2v.pm;14.52
2w.pm;14.52
2x.pm;14.52
2z.pm;14.52
3a.pm;14.52
3c.pm;14.52
3e.pm;14.52
3f.pm;14.52
3g.pm;14.52
3h.pm;14.52
3i.pm;14.52
3j.pm;14.52
3k.pm;14.52
3l.pm;14.52
3n.pm;14.52
3o.pm;14.52
3q.pm;14.52
3r.pm;14.52
3s.pm;14.52
3t.pm;14.52
3u.pm;14.52
3v.pm;14.52
3x.pm;14.52
3z.pm;14.52
4a.pm;14.52
4b.pm;14.52
4c.pm;14.52
4e.pm;14.52
4f.pm;14.52
4i.pm;14.52
4j.pm;14.52
4l.pm;14.52
4n.pm;14.52
4o.pm;14.52
4p.pm;14.52
4q.pm;14.52
4r.pm;14.52
4s.pm;14.52
4t.pm;14.52
4v.pm;14.52
4w.pm;14.52
4x.pm;14.52
4z.pm;14.52
43.pm;14.52
5a.pm;14.52
5b.pm;14.52
5c.pm;14.52
5d.pm;14.52
5e.pm;14.52
5f.pm;14.52
5h.pm;14.52
5i.pm;14.52
5j.pm;14.52
5l.pm;14.52
5m.pm;14.52
5n.pm;14.52
5o.pm;14.52
5p.pm;14.52
5q.pm;14.52
5s.pm;14.52
5u.pm;14.52
5v.pm;14.52
5w.pm;14.52
5x.pm;14.52
5z.pm;14.52
6a.pm;14.52
6b.pm;14.52
6c.pm;14.52
6d.pm;14.52
6e.pm;14.52
6f.pm;14.52
6h.pm;14.52
6i.pm;14.52
6j.pm;14.52
6l.pm;14.52
6m.pm;14.52
6n.pm;14.52
6o.pm;14.52
6q.pm;14.52
6r.pm;14.52
6t.pm;14.52
6u.pm;14.52
6v.pm;14.52
6w.pm;14.52
6x.pm;14.52
6z.pm;14.52
7a.pm;14.52
7b.pm;14.52
7c.pm;14.52
7d.pm;14.52
7e.pm;14.52
7f.pm;14.52
7g.pm;14.52
7i.pm;14.52
7j.pm;14.52
7k.pm;14.52
7l.pm;14.52
7n.pm;14.52
7o.pm;14.52
7p.pm;14.52
7q.pm;14.52
7s.pm;14.52
7t.pm;14.52
7v.pm;14.52
7w.pm;14.52
7x.pm;14.52
7z.pm;14.52
76.pm;14.52
8d.pm;14.52
8e.pm;14.52
8f.pm;14.52
8g.pm;14.52
8h.pm;14.52
8i.pm;14.52
8j.pm;14.52
8l.pm;14.52
8m.pm;14.52
8n.pm;14.52
8o.pm;14.52
8p.pm;14.52
8q.pm;14.52
8r.pm;14.52
8s.pm;14.52
8t.pm;14.52
8u.pm;14.52
8v.pm;14.52
8w.pm;14.52
8x.pm;14.52
8z.pm;14.52
84.pm;14.52
9a.pm;14.52
9b.pm;14.52
9c.pm;14.52
9d.pm;14.52
9e.pm;14.52
9f.pm;14.52
9g.pm;14.52
9h.pm;14.52
9j.pm;14.52
9k.pm;14.52
9l.pm;14.52
9m.pm;14.52
9n.pm;14.52
9o.pm;14.52
9p.pm;14.52
9q.pm;14.52
9r.pm;14.52
9s.pm;14.52
9t.pm;14.52
9u.pm;14.52
9v.pm;14.52
9w.pm;14.52
9z.pm;14.52
b6.re;14.52
c5.re;14.52
c6.re;14.52
c9.re;14.52
d0.re;14.52
d6.re;14.52
d9.re;14.52
f2.re;14.52
f6.re;14.52
f7.re;14.52
f9.re;14.52
g9.re;14.52
h5.re;14.52
h7.re;14.52
h9.re;14.52
j2.re;14.52
j3.re;14.52
j4.re;14.52
j6.re;14.52
j7.re;14.52
j9.re;14.52
k1.re;14.52
k3.re;14.52
k4.re;14.52
k5.re;14.52
l2.re;14.52
l5.re;14.52
l6.re;14.52
l7.re;14.52
l9.re;14.52
m7.re;14.52
n4.re;14.52
n5.re;14.52
n6.re;14.52
n8.re;14.52
n9.re;14.52
o1.re;14.52
o3.re;14.52
o4.re;14.52
o5.re;14.52
o6.re;14.52
o8.re;14.52
p5.re;14.52
p6.re;14.52
p9.re;14.52
q3.re;14.52
q6.re;14.52
q7.re;14.52
r5.re;14.52
r6.re;14.52
r7.re;14.52
r8.re;14.52
t3.re;14.52
t7.re;14.52
t8.re;14.52
t9.re;14.52
u0.re;14.52
u6.re;14.52
u7.re;14.52
u8.re;14.52
u9.re;14.52
v5.re;14.52
v7.re;14.52
v9.re;14.52
w5.re;14.52
w7.re;14.52
w9.re;14.52
x6.re;14.52
y5.re;14.52
y6.re;14.52
y7.re;14.52
y9.re;14.52
z5.re;14.52
z6.re;14.52
z7.re;14.52
z8.re;14.52
z9.re;14.52
0a.re;14.52
0h.re;14.52
0j.re;14.52
0l.re;14.52
0m.re;14.52
0p.re;14.52
0q.re;14.52
0s.re;14.52
0u.re;14.52
0v.re;14.52
0y.re;14.52
1n.re;14.52
1q.re;14.52
1x.re;14.52
1z.re;14.52
2e.re;14.52
2o.re;14.52
2t.re;14.52
2w.re;14.52
2z.re;14.52
3a.re;14.52
3e.re;14.52
3g.re;14.52
3u.re;14.52
3v.re;14.52
3x.re;14.52
4b.re;14.52
4e.re;14.52
4l.re;14.52
4n.re;14.52
4o.re;14.52
4p.re;14.52
4q.re;14.52
4r.re;14.52
4t.re;14.52
4v.re;14.52
4w.re;14.52
4z.re;14.52
5a.re;14.52
5b.re;14.52
5c.re;14.52
5d.re;14.52
5f.re;14.52
5k.re;14.52
5l.re;14.52
5n.re;14.52
5o.re;14.52
5r.re;14.52
5u.re;14.52
5v.re;14.52
5x.re;14.52
5y.re;14.52
5z.re;14.52
6a.re;14.52
6b.re;14.52
6c.re;14.52
6d.re;14.52
6f.re;14.52
6k.re;14.52
6l.re;14.52
6n.re;14.52
6o.re;14.52
6p.re;14.52
6q.re;14.52
6r.re;14.52
6t.re;14.52
6u.re;14.52
6v.re;14.52
6w.re;14.52
6x.re;14.52
6y.re;14.52
6z.re;14.52
7a.re;14.52
7b.re;14.52
7e.re;14.52
7g.re;14.52
7k.re;14.52
7l.re;14.52
7m.re;14.52
7o.re;14.52
7p.re;14.52
7q.re;14.52
7r.re;14.52
7t.re;14.52
7u.re;14.52
7v.re;14.52
7w.re;14.52
7x.re;14.52
7y.re;14.52
7z.re;14.52
8a.re;14.52
8b.re;14.52
8d.re;14.52
8e.re;14.52
8f.re;14.52
8h.re;14.52
8l.re;14.52
8n.re;14.52
8p.re;14.52
8q.re;14.52
8r.re;14.52
8u.re;14.52
8z.re;14.52
9a.re;14.52
9b.re;14.52
9d.re;14.52
9e.re;14.52
9f.re;14.52
9j.re;14.52
9k.re;14.52
9l.re;14.52
9n.re;14.52
9o.re;14.52
9p.re;14.52
9q.re;14.52
9r.re;14.52
9s.re;14.52
9t.re;14.52
9u.re;14.52
9w.re;14.52
9x.re;14.52
9y.re;14.52
9z.re;14.52
a0.tf;14.52
a1.tf;14.52
a2.tf;14.52
a3.tf;14.52
a6.tf;14.52
a9.tf;14.52
b2.tf;14.52
b3.tf;14.52
b4.tf;14.52
b5.tf;14.52
b6.tf;14.52
b7.tf;14.52
b8.tf;14.52
b9.tf;14.52
c0.tf;14.52
c2.tf;14.52
c3.tf;14.52
c4.tf;14.52
c5.tf;14.52
c6.tf;14.52
c7.tf;14.52
c8.tf;14.52
c9.tf;14.52
d0.tf;14.52
d3.tf;14.52
d5.tf;14.52
d6.tf;14.52
d7.tf;14.52
d9.tf;14.52
e0.tf;14.52
e4.tf;14.52
e5.tf;14.52
e6.tf;14.52
e7.tf;14.52
e8.tf;14.52
e9.tf;14.52
f0.tf;14.52
f3.tf;14.52
f4.tf;14.52
f5.tf;14.52
f6.tf;14.52
f7.tf;14.52
f8.tf;14.52
f9.tf;14.52
g0.tf;14.52
g2.tf;14.52
g3.tf;14.52
g4.tf;14.52
g5.tf;14.52
g6.tf;14.52
g7.tf;14.52
g8.tf;14.52
g9.tf;14.52
h0.tf;14.52
h3.tf;14.52
h4.tf;14.52
h5.tf;14.52
h6.tf;14.52
h7.tf;14.52
h9.tf;14.52
i4.tf;14.52
i5.tf;14.52
i6.tf;14.52
i7.tf;14.52
i8.tf;14.52
i9.tf;14.52
j0.tf;14.52
j1.tf;14.52
j2.tf;14.52
j3.tf;14.52
j4.tf;14.52
j5.tf;14.52
j6.tf;14.52
j7.tf;14.52
j9.tf;14.52
k0.tf;14.52
k1.tf;14.52
k3.tf;14.52
k4.tf;14.52
k5.tf;14.52
k6.tf;14.52
k9.tf;14.52
l0.tf;14.52
l2.tf;14.52
l3.tf;14.52
l4.tf;14.52
l5.tf;14.52
l6.tf;14.52
l7.tf;14.52
l9.tf;14.52
m1.tf;14.52
m2.tf;14.52
m3.tf;14.52
m4.tf;14.52
m5.tf;14.52
m6.tf;14.52
m7.tf;14.52
m9.tf;14.52
n2.tf;14.52
n3.tf;14.52
n4.tf;14.52
n5.tf;14.52
n6.tf;14.52
n7.tf;14.52
n9.tf;14.52
o1.tf;14.52
o3.tf;14.52
o4.tf;14.52
o5.tf;14.52
o6.tf;14.52
o7.tf;14.52
o8.tf;14.52
p0.tf;14.52
p2.tf;14.52
p3.tf;14.52
p4.tf;14.52
p5.tf;14.52
p6.tf;14.52
p7.tf;14.52
p9.tf;14.52
q0.tf;14.52
q1.tf;14.52
q2.tf;14.52
q3.tf;14.52
q4.tf;14.52
q5.tf;14.52
q6.tf;14.52
q7.tf;14.52
q8.tf;14.52
q9.tf;14.52
r0.tf;14.52
r1.tf;14.52
r2.tf;14.52
r3.tf;14.52
r4.tf;14.52
r5.tf;14.52
r6.tf;14.52
r7.tf;14.52
r9.tf;14.52
s1.tf;14.52
s2.tf;14.52
s3.tf;14.52
s4.tf;14.52
s5.tf;14.52
s6.tf;14.52
s7.tf;14.52
s8.tf;14.52
s9.tf;14.52
t3.tf;14.52
t5.tf;14.52
t6.tf;14.52
t8.tf;14.52
t9.tf;14.52
u0.tf;14.52
u1.tf;14.52
u3.tf;14.52
u4.tf;14.52
u5.tf;14.52
u6.tf;14.52
u7.tf;14.52
u8.tf;14.52
u9.tf;14.52
v0.tf;14.52
v1.tf;14.52
v3.tf;14.52
v4.tf;14.52
v5.tf;14.52
v6.tf;14.52
v7.tf;14.52
v8.tf;14.52
v9.tf;14.52
w1.tf;14.52
w2.tf;14.52
w4.tf;14.52
w5.tf;14.52
w6.tf;14.52
w7.tf;14.52
w9.tf;14.52
x0.tf;14.52
x2.tf;14.52
x3.tf;14.52
x4.tf;14.52
x5.tf;14.52
x6.tf;14.52
x7.tf;14.52
x8.tf;14.52
x9.tf;14.52
y0.tf;14.52
y1.tf;14.52
y2.tf;14.52
y3.tf;14.52
y4.tf;14.52
y5.tf;14.52
y6.tf;14.52
y7.tf;14.52
y9.tf;14.52
z0.tf;14.52
z2.tf;14.52
z3.tf;14.52
z4.tf;14.52
z5.tf;14.52
z6.tf;14.52
z8.tf;14.52
z9.tf;14.52
0a.tf;14.52
0b.tf;14.52
0c.tf;14.52
0e.tf;14.52
0g.tf;14.52
0h.tf;14.52
0i.tf;14.52
0j.tf;14.52
0k.tf;14.52
0l.tf;14.52
0m.tf;14.52
0n.tf;14.52
0o.tf;14.52
0p.tf;14.52
0q.tf;14.52
0s.tf;14.52
0t.tf;14.52
0u.tf;14.52
0v.tf;14.52
0y.tf;14.52
0z.tf;14.52
04.tf;14.52
05.tf;14.52
08.tf;14.52
1a.tf;14.52
1b.tf;14.52
1c.tf;14.52
1d.tf;14.52
1f.tf;14.52
1g.tf;14.52
1h.tf;14.52
1i.tf;14.52
1j.tf;14.52
1k.tf;14.52
1l.tf;14.52
1m.tf;14.52
1n.tf;14.52
1o.tf;14.52
1p.tf;14.52
1q.tf;14.52
1r.tf;14.52
1s.tf;14.52
1t.tf;14.52
1u.tf;14.52
1v.tf;14.52
1y.tf;14.52
2c.tf;14.52
2d.tf;14.52
2f.tf;14.52
2g.tf;14.52
2h.tf;14.52
2i.tf;14.52
2j.tf;14.52
2k.tf;14.52
2l.tf;14.52
2m.tf;14.52
2n.tf;14.52
2o.tf;14.52
2q.tf;14.52
2r.tf;14.52
2t.tf;14.52
2u.tf;14.52
2v.tf;14.52
2x.tf;14.52
2y.tf;14.52
27.tf;14.52
29.tf;14.52
3a.tf;14.52
3b.tf;14.52
3c.tf;14.52
3e.tf;14.52
3f.tf;14.52
3g.tf;14.52
3h.tf;14.52
3i.tf;14.52
3j.tf;14.52
3k.tf;14.52
3l.tf;14.52
3n.tf;14.52
3o.tf;14.52
3p.tf;14.52
3q.tf;14.52
3r.tf;14.52
3s.tf;14.52
3t.tf;14.52
3u.tf;14.52
3v.tf;14.52
3x.tf;14.52
3y.tf;14.52
34.tf;14.52
36.tf;14.52
37.tf;14.52
4a.tf;14.52
4b.tf;14.52
4c.tf;14.52
4d.tf;14.52
4e.tf;14.52
4f.tf;14.52
4g.tf;14.52
4h.tf;14.52
4i.tf;14.52
4j.tf;14.52
4k.tf;14.52
4m.tf;14.52
4n.tf;14.52
4o.tf;14.52
4p.tf;14.52
4q.tf;14.52
4r.tf;14.52
4s.tf;14.52
4t.tf;14.52
4v.tf;14.52
4x.tf;14.52
4y.tf;14.52
41.tf;14.52
45.tf;14.52
46.tf;14.52
48.tf;14.52
49.tf;14.52
5a.tf;14.52
5b.tf;14.52
5c.tf;14.52
5d.tf;14.52
5e.tf;14.52
5f.tf;14.52
5h.tf;14.52
5j.tf;14.52
5k.tf;14.52
5l.tf;14.52
5m.tf;14.52
5n.tf;14.52
5o.tf;14.52
5p.tf;14.52
5q.tf;14.52
5s.tf;14.52
5u.tf;14.52
5v.tf;14.52
5w.tf;14.52
5x.tf;14.52
5y.tf;14.52
50.tf;14.52
54.tf;14.52
57.tf;14.52
6a.tf;14.52
6b.tf;14.52
6c.tf;14.52
6d.tf;14.52
6e.tf;14.52
6f.tf;14.52
6g.tf;14.52
6h.tf;14.52
6i.tf;14.52
6j.tf;14.52
6k.tf;14.52
6l.tf;14.52
6m.tf;14.52
6n.tf;14.52
6o.tf;14.52
6p.tf;14.52
6q.tf;14.52
6r.tf;14.52
6s.tf;14.52
6t.tf;14.52
6u.tf;14.52
6v.tf;14.52
6w.tf;14.52
6x.tf;14.52
6y.tf;14.52
61.tf;14.52
62.tf;14.52
7a.tf;14.52
7b.tf;14.52
7d.tf;14.52
7e.tf;14.52
7f.tf;14.52
7g.tf;14.52
7i.tf;14.52
7j.tf;14.52
7k.tf;14.52
7l.tf;14.52
7m.tf;14.52
7n.tf;14.52
7o.tf;14.52
7p.tf;14.52
7q.tf;14.52
7r.tf;14.52
7s.tf;14.52
7t.tf;14.52
7u.tf;14.52
7v.tf;14.52
7w.tf;14.52
7x.tf;14.52
7y.tf;14.52
74.tf;14.52
76.tf;14.52
79.tf;14.52
8a.tf;14.52
8b.tf;14.52
8c.tf;14.52
8d.tf;14.52
8e.tf;14.52
8f.tf;14.52
8g.tf;14.52
8h.tf;14.52
8i.tf;14.52
8j.tf;14.52
8k.tf;14.52
8l.tf;14.52
8m.tf;14.52
8n.tf;14.52
8o.tf;14.52
8p.tf;14.52
8q.tf;14.52
8r.tf;14.52
8s.tf;14.52
8v.tf;14.52
8w.tf;14.52
8x.tf;14.52
8y.tf;14.52
81.tf;14.52
9a.tf;14.52
9b.tf;14.52
9c.tf;14.52
9d.tf;14.52
9e.tf;14.52
9f.tf;14.52
9g.tf;14.52
9h.tf;14.52
9i.tf;14.52
9j.tf;14.52
9k.tf;14.52
9l.tf;14.52
9m.tf;14.52
9o.tf;14.52
9p.tf;14.52
9q.tf;14.52
9r.tf;14.52
9s.tf;14.52
9t.tf;14.52
9u.tf;14.52
9v.tf;14.52
9w.tf;14.52
9x.tf;14.52
9y.tf;14.52
90.tf;14.52
93.tf;14.52
97.tf;14.52
a1.wf;14.52
a2.wf;14.52
a3.wf;14.52
a4.wf;14.52
a5.wf;14.52
a6.wf;14.52
a7.wf;14.52
a8.wf;14.52
a9.wf;14.52
b0.wf;14.52
b1.wf;14.52
b2.wf;14.52
b3.wf;14.52
b5.wf;14.52
b6.wf;14.52
b7.wf;14.52
b9.wf;14.52
c0.wf;14.52
c1.wf;14.52
c2.wf;14.52
c3.wf;14.52
c5.wf;14.52
c6.wf;14.52
c7.wf;14.52
c8.wf;14.52
c9.wf;14.52
d0.wf;14.52
d1.wf;14.52
d2.wf;14.52
d3.wf;14.52
d5.wf;14.52
d6.wf;14.52
d7.wf;14.52
d9.wf;14.52
e0.wf;14.52
e1.wf;14.52
e2.wf;14.52
e3.wf;14.52
e5.wf;14.52
e6.wf;14.52
e7.wf;14.52
e8.wf;14.52
e9.wf;14.52
f0.wf;14.52
f2.wf;14.52
f3.wf;14.52
f4.wf;14.52
f5.wf;14.52
f6.wf;14.52
f7.wf;14.52
f8.wf;14.52
f9.wf;14.52
g1.wf;14.52
g2.wf;14.52
g3.wf;14.52
g4.wf;14.52
g5.wf;14.52
g6.wf;14.52
g7.wf;14.52
g8.wf;14.52
g9.wf;14.52
h0.wf;14.52
h1.wf;14.52
h2.wf;14.52
h3.wf;14.52
h4.wf;14.52
h6.wf;14.52
h7.wf;14.52
h9.wf;14.52
i0.wf;14.52
i1.wf;14.52
i2.wf;14.52
i4.wf;14.52
i5.wf;14.52
i6.wf;14.52
i7.wf;14.52
i8.wf;14.52
i9.wf;14.52
j0.wf;14.52
j1.wf;14.52
j2.wf;14.52
j3.wf;14.52
j4.wf;14.52
j5.wf;14.52
j6.wf;14.52
j7.wf;14.52
j8.wf;14.52
j9.wf;14.52
k0.wf;14.52
k1.wf;14.52
k2.wf;14.52
k3.wf;14.52
k4.wf;14.52
k5.wf;14.52
k6.wf;14.52
k8.wf;14.52
k9.wf;14.52
l0.wf;14.52
l1.wf;14.52
l3.wf;14.52
l5.wf;14.52
l6.wf;14.52
l7.wf;14.52
l8.wf;14.52
l9.wf;14.52
m0.wf;14.52
m1.wf;14.52
m2.wf;14.52
m3.wf;14.52
m4.wf;14.52
m6.wf;14.52
m7.wf;14.52
m9.wf;14.52
n0.wf;14.52
n2.wf;14.52
n3.wf;14.52
n4.wf;14.52
n5.wf;14.52
n6.wf;14.52
n7.wf;14.52
n9.wf;14.52
o1.wf;14.52
o4.wf;14.52
o5.wf;14.52
o6.wf;14.52
o7.wf;14.52
o8.wf;14.52
o9.wf;14.52
p0.wf;14.52
p2.wf;14.52
p3.wf;14.52
p4.wf;14.52
p5.wf;14.52
p6.wf;14.52
p7.wf;14.52
p9.wf;14.52
q0.wf;14.52
q1.wf;14.52
q2.wf;14.52
q3.wf;14.52
q4.wf;14.52
q5.wf;14.52
q6.wf;14.52
q7.wf;14.52
q8.wf;14.52
q9.wf;14.52
r0.wf;14.52
r1.wf;14.52
r2.wf;14.52
r3.wf;14.52
r4.wf;14.52
r5.wf;14.52
r6.wf;14.52
r7.wf;14.52
r9.wf;14.52
s0.wf;14.52
s1.wf;14.52
s2.wf;14.52
s3.wf;14.52
s4.wf;14.52
s5.wf;14.52
s6.wf;14.52
s7.wf;14.52
s8.wf;14.52
s9.wf;14.52
t0.wf;14.52
t2.wf;14.52
t3.wf;14.52
t4.wf;14.52
t5.wf;14.52
t6.wf;14.52
t7.wf;14.52
t8.wf;14.52
t9.wf;14.52
u0.wf;14.52
u1.wf;14.52
u3.wf;14.52
u4.wf;14.52
u5.wf;14.52
u6.wf;14.52
u7.wf;14.52
u8.wf;14.52
u9.wf;14.52
v0.wf;14.52
v1.wf;14.52
v3.wf;14.52
v4.wf;14.52
v5.wf;14.52
v6.wf;14.52
v7.wf;14.52
v8.wf;14.52
v9.wf;14.52
w0.wf;14.52
w1.wf;14.52
w2.wf;14.52
w4.wf;14.52
w5.wf;14.52
w6.wf;14.52
w7.wf;14.52
w9.wf;14.52
x0.wf;14.52
x2.wf;14.52
x4.wf;14.52
x6.wf;14.52
x8.wf;14.52
y0.wf;14.52
y1.wf;14.52
y2.wf;14.52
y3.wf;14.52
y4.wf;14.52
y5.wf;14.52
y6.wf;14.52
y7.wf;14.52
y9.wf;14.52
z0.wf;14.52
z1.wf;14.52
z2.wf;14.52
z3.wf;14.52
z4.wf;14.52
z5.wf;14.52
z6.wf;14.52
z7.wf;14.52
z8.wf;14.52
z9.wf;14.52
0a.wf;14.52
0b.wf;14.52
0c.wf;14.52
0d.wf;14.52
0e.wf;14.52
0f.wf;14.52
0g.wf;14.52
0h.wf;14.52
0i.wf;14.52
0j.wf;14.52
0l.wf;14.52
0m.wf;14.52
0n.wf;14.52
0o.wf;14.52
0p.wf;14.52
0q.wf;14.52
0r.wf;14.52
0s.wf;14.52
0t.wf;14.52
0u.wf;14.52
0v.wf;14.52
0w.wf;14.52
0y.wf;14.52
0z.wf;14.52
04.wf;14.52
05.wf;14.52
06.wf;14.52
1a.wf;14.52
1c.wf;14.52
1d.wf;14.52
1e.wf;14.52
1f.wf;14.52
1g.wf;14.52
1h.wf;14.52
1i.wf;14.52
1j.wf;14.52
1k.wf;14.52
1l.wf;14.52
1m.wf;14.52
1n.wf;14.52
1p.wf;14.52
1q.wf;14.52
1r.wf;14.52
1s.wf;14.52
1t.wf;14.52
1u.wf;14.52
1v.wf;14.52
1w.wf;14.52
1x.wf;14.52
1y.wf;14.52
1z.wf;14.52
2c.wf;14.52
2d.wf;14.52
2e.wf;14.52
2f.wf;14.52
2g.wf;14.52
2h.wf;14.52
2i.wf;14.52
2j.wf;14.52
2k.wf;14.52
2l.wf;14.52
2m.wf;14.52
2n.wf;14.52
2o.wf;14.52
2p.wf;14.52
2q.wf;14.52
2r.wf;14.52
2s.wf;14.52
2t.wf;14.52
2u.wf;14.52
2v.wf;14.52
2w.wf;14.52
2x.wf;14.52
2y.wf;14.52
2z.wf;14.52
29.wf;14.52
3a.wf;14.52
3b.wf;14.52
3c.wf;14.52
3d.wf;14.52
3e.wf;14.52
3f.wf;14.52
3g.wf;14.52
3h.wf;14.52
3i.wf;14.52
3j.wf;14.52
3k.wf;14.52
3l.wf;14.52
3n.wf;14.52
3o.wf;14.52
3p.wf;14.52
3q.wf;14.52
3r.wf;14.52
3s.wf;14.52
3t.wf;14.52
3u.wf;14.52
3v.wf;14.52
3w.wf;14.52
3x.wf;14.52
3y.wf;14.52
3z.wf;14.52
37.wf;14.52
4a.wf;14.52
4b.wf;14.52
4c.wf;14.52
4d.wf;14.52
4e.wf;14.52
4f.wf;14.52
4g.wf;14.52
4h.wf;14.52
4i.wf;14.52
4j.wf;14.52
4l.wf;14.52
4m.wf;14.52
4n.wf;14.52
4o.wf;14.52
4p.wf;14.52
4q.wf;14.52
4r.wf;14.52
4s.wf;14.52
4t.wf;14.52
4v.wf;14.52
4w.wf;14.52
4x.wf;14.52
4y.wf;14.52
4z.wf;14.52
40.wf;14.52
43.wf;14.52
45.wf;14.52
47.wf;14.52
48.wf;14.52
49.wf;14.52
5a.wf;14.52
5b.wf;14.52
5c.wf;14.52
5d.wf;14.52
5e.wf;14.52
5f.wf;14.52
5h.wf;14.52
5i.wf;14.52
5j.wf;14.52
5k.wf;14.52
5l.wf;14.52
5m.wf;14.52
5n.wf;14.52
5o.wf;14.52
5p.wf;14.52
5q.wf;14.52
5r.wf;14.52
5s.wf;14.52
5t.wf;14.52
5u.wf;14.52
5v.wf;14.52
5w.wf;14.52
5x.wf;14.52
5y.wf;14.52
5z.wf;14.52
57.wf;14.52
6a.wf;14.52
6b.wf;14.52
6c.wf;14.52
6d.wf;14.52
6e.wf;14.52
6f.wf;14.52
6h.wf;14.52
6i.wf;14.52
6j.wf;14.52
6k.wf;14.52
6l.wf;14.52
6m.wf;14.52
6n.wf;14.52
6o.wf;14.52
6p.wf;14.52
6q.wf;14.52
6r.wf;14.52
6s.wf;14.52
6t.wf;14.52
6u.wf;14.52
6v.wf;14.52
6w.wf;14.52
6x.wf;14.52
6y.wf;14.52
6z.wf;14.52
61.wf;14.52
62.wf;14.52
63.wf;14.52
7a.wf;14.52
7b.wf;14.52
7c.wf;14.52
7d.wf;14.52
7e.wf;14.52
7f.wf;14.52
7g.wf;14.52
7h.wf;14.52
7i.wf;14.52
7j.wf;14.52
7k.wf;14.52
7l.wf;14.52
7m.wf;14.52
7n.wf;14.52
7o.wf;14.52
7p.wf;14.52
7q.wf;14.52
7r.wf;14.52
7s.wf;14.52
7t.wf;14.52
7u.wf;14.52
7v.wf;14.52
7w.wf;14.52
7x.wf;14.52
7y.wf;14.52
7z.wf;14.52
73.wf;14.52
74.wf;14.52
75.wf;14.52
79.wf;14.52
8a.wf;14.52
8c.wf;14.52
8d.wf;14.52
8e.wf;14.52
8f.wf;14.52
8g.wf;14.52
8h.wf;14.52
8i.wf;14.52
8j.wf;14.52
8k.wf;14.52
8l.wf;14.52
8m.wf;14.52
8n.wf;14.52
8o.wf;14.52
8p.wf;14.52
8q.wf;14.52
8r.wf;14.52
8s.wf;14.52
8t.wf;14.52
8u.wf;14.52
8v.wf;14.52
8w.wf;14.52
8y.wf;14.52
8z.wf;14.52
87.wf;14.52
9a.wf;14.52
9b.wf;14.52
9c.wf;14.52
9d.wf;14.52
9e.wf;14.52
9f.wf;14.52
9g.wf;14.52
9h.wf;14.52
9i.wf;14.52
9j.wf;14.52
9k.wf;14.52
9l.wf;14.52
9m.wf;14.52
9n.wf;14.52
9o.wf;14.52
9p.wf;14.52
9q.wf;14.52
9r.wf;14.52
9s.wf;14.52
9t.wf;14.52
9u.wf;14.52
9v.wf;14.52
9w.wf;14.52
9x.wf;14.52
9y.wf;14.52
9z.wf;14.52
94.wf;14.52
a0.yt;14.52
a2.yt;14.52
a3.yt;14.52
a4.yt;14.52
a5.yt;14.52
a6.yt;14.52
a7.yt;14.52
a9.yt;14.52
b0.yt;14.52
b3.yt;14.52
b5.yt;14.52
b6.yt;14.52
b7.yt;14.52
b8.yt;14.52
b9.yt;14.52
c1.yt;14.52
c5.yt;14.52
c6.yt;14.52
c7.yt;14.52
c8.yt;14.52
c9.yt;14.52
d0.yt;14.52
d1.yt;14.52
d2.yt;14.52
d3.yt;14.52
d5.yt;14.52
d6.yt;14.52
d7.yt;14.52
d9.yt;14.52
e0.yt;14.52
e3.yt;14.52
e4.yt;14.52
e5.yt;14.52
e6.yt;14.52
e7.yt;14.52
e8.yt;14.52
e9.yt;14.52
f0.yt;14.52
f3.yt;14.52
f4.yt;14.52
f5.yt;14.52
f6.yt;14.52
f7.yt;14.52
f8.yt;14.52
f9.yt;14.52
g1.yt;14.52
g2.yt;14.52
g3.yt;14.52
g4.yt;14.52
g5.yt;14.52
g6.yt;14.52
g7.yt;14.52
g8.yt;14.52
h0.yt;14.52
h1.yt;14.52
h4.yt;14.52
h5.yt;14.52
h6.yt;14.52
h7.yt;14.52
h8.yt;14.52
h9.yt;14.52
i0.yt;14.52
i1.yt;14.52
i2.yt;14.52
i3.yt;14.52
i4.yt;14.52
i5.yt;14.52
i6.yt;14.52
i7.yt;14.52
i8.yt;14.52
i9.yt;14.52
j0.yt;14.52
j1.yt;14.52
j2.yt;14.52
j3.yt;14.52
j4.yt;14.52
j5.yt;14.52
j6.yt;14.52
j7.yt;14.52
j9.yt;14.52
k0.yt;14.52
k1.yt;14.52
k3.yt;14.52
k4.yt;14.52
k5.yt;14.52
k6.yt;14.52
k9.yt;14.52
l0.yt;14.52
l2.yt;14.52
l3.yt;14.52
l4.yt;14.52
l5.yt;14.52
l6.yt;14.52
l7.yt;14.52
l9.yt;14.52
m0.yt;14.52
m1.yt;14.52
m4.yt;14.52
m5.yt;14.52
m6.yt;14.52
m9.yt;14.52
n0.yt;14.52
n2.yt;14.52
n3.yt;14.52
n4.yt;14.52
n5.yt;14.52
n6.yt;14.52
n7.yt;14.52
n9.yt;14.52
o1.yt;14.52
o3.yt;14.52
o4.yt;14.52
o5.yt;14.52
o6.yt;14.52
o7.yt;14.52
o8.yt;14.52
p2.yt;14.52
p3.yt;14.52
p5.yt;14.52
p6.yt;14.52
p7.yt;14.52
p9.yt;14.52
q0.yt;14.52
q1.yt;14.52
q2.yt;14.52
q3.yt;14.52
q4.yt;14.52
q5.yt;14.52
q6.yt;14.52
q7.yt;14.52
q8.yt;14.52
q9.yt;14.52
r0.yt;14.52
r1.yt;14.52
r2.yt;14.52
r3.yt;14.52
r4.yt;14.52
r5.yt;14.52
r6.yt;14.52
r7.yt;14.52
r9.yt;14.52
s0.yt;14.52
s1.yt;14.52
s2.yt;14.52
s4.yt;14.52
s5.yt;14.52
s9.yt;14.52
t2.yt;14.52
t4.yt;14.52
t5.yt;14.52
t6.yt;14.52
t7.yt;14.52
t8.yt;14.52
t9.yt;14.52
u0.yt;14.52
u4.yt;14.52
u5.yt;14.52
u6.yt;14.52
u7.yt;14.52
u8.yt;14.52
u9.yt;14.52
v3.yt;14.52
v4.yt;14.52
v5.yt;14.52
v7.yt;14.52
v9.yt;14.52
w1.yt;14.52
w5.yt;14.52
w6.yt;14.52
w7.yt;14.52
w9.yt;14.52
x0.yt;14.52
x1.yt;14.52
x3.yt;14.52
x4.yt;14.52
x5.yt;14.52
x6.yt;14.52
x7.yt;14.52
x8.yt;14.52
x9.yt;14.52
y0.yt;14.52
y2.yt;14.52
y4.yt;14.52
y6.yt;14.52
y9.yt;14.52
z0.yt;14.52
z1.yt;14.52
z2.yt;14.52
z3.yt;14.52
z4.yt;14.52
z5.yt;14.52
z6.yt;14.52
z7.yt;14.52
z8.yt;14.52
z9.yt;14.52
0b.yt;14.52
0c.yt;14.52
0d.yt;14.52
0e.yt;14.52
0f.yt;14.52
0g.yt;14.52
0h.yt;14.52
0i.yt;14.52
0j.yt;14.52
0l.yt;14.52
0m.yt;14.52
0o.yt;14.52
0p.yt;14.52
0q.yt;14.52
0r.yt;14.52
0s.yt;14.52
0t.yt;14.52
0u.yt;14.52
0v.yt;14.52
0w.yt;14.52
0x.yt;14.52
0y.yt;14.52
0z.yt;14.52
06.yt;14.52
08.yt;14.52
09.yt;14.52
1c.yt;14.52
1d.yt;14.52
1e.yt;14.52
1f.yt;14.52
1g.yt;14.52
1h.yt;14.52
1i.yt;14.52
1j.yt;14.52
1k.yt;14.52
1l.yt;14.52
1n.yt;14.52
1o.yt;14.52
1p.yt;14.52
1q.yt;14.52
1r.yt;14.52
1u.yt;14.52
1v.yt;14.52
1w.yt;14.52
1z.yt;14.52
2c.yt;14.52
2d.yt;14.52
2e.yt;14.52
2f.yt;14.52
2g.yt;14.52
2h.yt;14.52
2i.yt;14.52
2j.yt;14.52
2k.yt;14.52
2l.yt;14.52
2m.yt;14.52
2n.yt;14.52
2o.yt;14.52
2p.yt;14.52
2q.yt;14.52
2r.yt;14.52
2s.yt;14.52
2t.yt;14.52
2u.yt;14.52
2v.yt;14.52
2w.yt;14.52
2x.yt;14.52
2y.yt;14.52
2z.yt;14.52
3b.yt;14.52
3c.yt;14.52
3e.yt;14.52
3f.yt;14.52
3g.yt;14.52
3h.yt;14.52
3i.yt;14.52
3j.yt;14.52
3k.yt;14.52
3l.yt;14.52
3n.yt;14.52
3o.yt;14.52
3q.yt;14.52
3r.yt;14.52
3s.yt;14.52
3t.yt;14.52
3u.yt;14.52
3v.yt;14.52
3w.yt;14.52
3x.yt;14.52
3y.yt;14.52
3z.yt;14.52
34.yt;14.52
4b.yt;14.52
4c.yt;14.52
4d.yt;14.52
4e.yt;14.52
4f.yt;14.52
4h.yt;14.52
4i.yt;14.52
4j.yt;14.52
4l.yt;14.52
4o.yt;14.52
4p.yt;14.52
4q.yt;14.52
4r.yt;14.52
4s.yt;14.52
4t.yt;14.52
4u.yt;14.52
4v.yt;14.52
4w.yt;14.52
4x.yt;14.52
4y.yt;14.52
4z.yt;14.52
40.yt;14.52
41.yt;14.52
49.yt;14.52
5b.yt;14.52
5c.yt;14.52
5d.yt;14.52
5e.yt;14.52
5f.yt;14.52
5h.yt;14.52
5i.yt;14.52
5j.yt;14.52
5k.yt;14.52
5l.yt;14.52
5m.yt;14.52
5n.yt;14.52
5o.yt;14.52
5p.yt;14.52
5q.yt;14.52
5s.yt;14.52
5t.yt;14.52
5u.yt;14.52
5v.yt;14.52
5w.yt;14.52
5x.yt;14.52
5y.yt;14.52
5z.yt;14.52
6b.yt;14.52
6c.yt;14.52
6d.yt;14.52
6e.yt;14.52
6f.yt;14.52
6g.yt;14.52
6h.yt;14.52
6i.yt;14.52
6j.yt;14.52
6k.yt;14.52
6l.yt;14.52
6m.yt;14.52
6n.yt;14.52
6o.yt;14.52
6p.yt;14.52
6q.yt;14.52
6r.yt;14.52
6s.yt;14.52
6t.yt;14.52
6u.yt;14.52
6v.yt;14.52
6w.yt;14.52
6x.yt;14.52
6y.yt;14.52
6z.yt;14.52
7b.yt;14.52
7c.yt;14.52
7d.yt;14.52
7e.yt;14.52
7f.yt;14.52
7g.yt;14.52
7h.yt;14.52
7i.yt;14.52
7j.yt;14.52
7k.yt;14.52
7l.yt;14.52
7m.yt;14.52
7n.yt;14.52
7o.yt;14.52
7p.yt;14.52
7q.yt;14.52
7r.yt;14.52
7t.yt;14.52
7u.yt;14.52
7v.yt;14.52
7w.yt;14.52
7x.yt;14.52
7y.yt;14.52
7z.yt;14.52
70.yt;14.52
72.yt;14.52
8c.yt;14.52
8d.yt;14.52
8e.yt;14.52
8f.yt;14.52
8g.yt;14.52
8h.yt;14.52
8i.yt;14.52
8j.yt;14.52
8k.yt;14.52
8l.yt;14.52
8m.yt;14.52
8n.yt;14.52
8o.yt;14.52
8p.yt;14.52
8q.yt;14.52
8r.yt;14.52
8s.yt;14.52
8t.yt;14.52
8u.yt;14.52
8v.yt;14.52
8w.yt;14.52
8x.yt;14.52
8y.yt;14.52
9b.yt;14.52
9c.yt;14.52
9d.yt;14.52
9e.yt;14.52
9f.yt;14.52
9g.yt;14.52
9h.yt;14.52
9i.yt;14.52
9j.yt;14.52
9k.yt;14.52
9l.yt;14.52
9m.yt;14.52
9n.yt;14.52
9o.yt;14.52
9p.yt;14.52
9q.yt;14.52
9r.yt;14.52
9s.yt;14.52
9t.yt;14.52
9u.yt;14.52
9v.yt;14.52
9w.yt;14.52
9x.yt;14.52
9y.yt;14.52
92.yt;14.52
94.yt;14.52
